\BOOKMARK [0][-]{chapter*.1}{Danh s\341ch bang}{}% 1
\BOOKMARK [0][-]{chapter*.2}{Danh s\341ch k\375 hiu, ch vit tt}{}% 2
\BOOKMARK [0][-]{chapter*.2}{Danh s\341ch h\354nh ve}{}% 3
\BOOKMARK [0][-]{chapter.1}{Gii thiu}{}% 4
\BOOKMARK [1][-]{section.1.1}{S tng ng van ban}{chapter.1}% 5
\BOOKMARK [1][-]{section.1.2}{B\340i to\341n t\354m kim oan ni dung tng ng gia c\341c van ban kh\364ng c\371ng ng\364n ng}{chapter.1}% 6
\BOOKMARK [2][-]{subsection.1.2.1}{Muc ti\352u cua kh\363a lun}{section.1.2}% 7
\BOOKMARK [2][-]{subsection.1.2.2}{Phng ph\341p \040xut trong kh\363a lun}{section.1.2}% 8
\BOOKMARK [2][-]{subsection.1.2.3}{\335 ngh\232a cua kh\363a lun v\340 t\355nh ng dung}{section.1.2}% 9
\BOOKMARK [1][-]{section.1.3}{B cuc cua kh\363a lun}{chapter.1}% 10
\BOOKMARK [0][-]{chapter.2}{C s l\355 thuyt}{}% 11
\BOOKMARK [1][-]{section.2.1}{T\354m kim ni dung tng ng vi van ban c\371ng mt ng\364n ng}{chapter.2}% 12
\BOOKMARK [2][-]{subsection.2.1.1}{Th vin t\354m kim to\340n van v\340 lu tr c s d liu lucene}{section.2.1}% 13
\BOOKMARK [2][-]{subsection.2.1.2}{So s\341nh s tng ng cua tng c\342u trong van ban}{section.2.1}% 14
\BOOKMARK [2][-]{subsection.2.1.3}{S dung m\341y t\354m kim Google}{section.2.1}% 15
\BOOKMARK [1][-]{section.2.2}{T\354m kim ni dung tng ng van ban kh\364ng c\371ng ng\364n ng}{chapter.2}% 16
\BOOKMARK [1][-]{section.2.3}{Trin vong ph\341t trin cua phng ph\341p \040xut}{chapter.2}% 17
\BOOKMARK [0][-]{chapter.3}{M\364 h\354nh t\354m kim oan ni dung tng ng}{}% 18
\BOOKMARK [1][-]{section.3.1}{Y\352u cu b\340i to\341n}{chapter.3}% 19
\BOOKMARK [1][-]{section.3.2}{M\364 h\354nh \040xut giai quyt b\340i to\341n}{chapter.3}% 20
\BOOKMARK [2][-]{subsection.3.2.1}{Kin tr\372c m\364 h\354nh}{section.3.2}% 21
\BOOKMARK [2][-]{subsection.3.2.2}{M\364-un tin x l\375 van ban }{section.3.2}% 22
\BOOKMARK [2][-]{subsection.3.2.3}{M\364-un thu thp van ban c vit bng ting Anh}{section.3.2}% 23
\BOOKMARK [2][-]{subsection.3.2.4}{M\364-un tr\355ch xut t kh\363a}{section.3.2}% 24
\BOOKMARK [2][-]{subsection.3.2.5}{M\364-un truy xut nhng oan van ban tng ng}{section.3.2}% 25
\BOOKMARK [1][-]{section.3.3}{Han ch cua m\364 h\354nh}{chapter.3}% 26
\BOOKMARK [0][-]{chapter.4}{Kt qua thc nghim, \341nh gi\341}{}% 27
\BOOKMARK [1][-]{section.4.1}{X\342y dng b d liu}{chapter.4}% 28
\BOOKMARK [2][-]{subsection.4.1.1}{X\342y dng c s d liu truy xut}{section.4.1}% 29
\BOOKMARK [1][-]{section.4.2}{M\364i trng thc nghim}{chapter.4}% 30
\BOOKMARK [1][-]{section.4.3}{X\342y dng ng dung h tr \341nh gi\341 \040ch\355nh x\341c cho nghi\352n cu}{chapter.4}% 31
\BOOKMARK [1][-]{section.4.4}{Kt qua chay thc nghim v\340 \341nh gi\341}{chapter.4}% 32
\BOOKMARK [0][-]{chapter.5}{Kt lun}{}% 33
\BOOKMARK [1][-]{section.Alph0.1}{Phu luc chng 3}{chapter.5}% 34
